{"C:\\bamboo\\SRC\\131073\\CELLARISE-MDISTCSM-JOB1\\Test\\resources\\non-bundled\\non-bundled-file-1.js":{"path":"C:\\bamboo\\SRC\\131073\\CELLARISE-MDISTCSM-JOB1\\Test\\resources\\non-bundled\\non-bundled-file-1.js","s":{"1":1,"2":1,"3":8,"4":1},"b":{},"f":{"1":1},"fnMap":{"1":{"name":"(anonymous_4)","line":6,"loc":{"start":{"line":6,"column":5},"end":{"line":6,"column":52}}}},"statementMap":{"1":{"start":{"line":2,"column":0},"end":{"line":2,"column":11}},"2":{"start":{"line":3,"column":0},"end":{"line":5,"column":1}},"3":{"start":{"line":4,"column":4},"end":{"line":4,"column":12}},"4":{"start":{"line":6,"column":0},"end":{"line":6,"column":23}}},"branchMap":{}},"C:\\bamboo\\SRC\\131073\\CELLARISE-MDISTCSM-JOB1\\Test\\resources\\non-bundled\\non-bundled-file-2.js":{"path":"C:\\bamboo\\SRC\\131073\\CELLARISE-MDISTCSM-JOB1\\Test\\resources\\non-bundled\\non-bundled-file-2.js","s":{"1":1,"2":1,"3":0,"4":0,"5":1,"6":1,"7":0},"b":{"1":[1,0]},"f":{"1":0,"2":0},"fnMap":{"1":{"name":"(anonymous_5)","line":3,"loc":{"start":{"line":3,"column":11},"end":{"line":3,"column":23}}},"2":{"name":"(anonymous_6)","line":4,"loc":{"start":{"line":4,"column":11},"end":{"line":4,"column":23}}}},"statementMap":{"1":{"start":{"line":2,"column":0},"end":{"line":2,"column":17}},"2":{"start":{"line":3,"column":0},"end":{"line":7,"column":2}},"3":{"start":{"line":4,"column":4},"end":{"line":6,"column":6}},"4":{"start":{"line":5,"column":8},"end":{"line":5,"column":25}},"5":{"start":{"line":8,"column":0},"end":{"line":12,"column":1}},"6":{"start":{"line":9,"column":4},"end":{"line":9,"column":28}},"7":{"start":{"line":11,"column":4},"end":{"line":11,"column":28}}},"branchMap":{"1":{"line":8,"type":"if","locations":[{"start":{"line":8,"column":0},"end":{"line":8,"column":0}},{"start":{"line":8,"column":0},"end":{"line":8,"column":0}}]}}}}