<?xml version="1.0" encoding="UTF-8"?>
<coverage generated="1408625967934" clover="3.2.0">
	<project timestamp="1408625967934"  name="All Files" >
		<metrics statements="92"  coveredstatements="91"  conditionals="36"  coveredconditionals="27"  methods="6"  coveredmethods="6"  elements="134"  coveredelements="124"  complexity="0"  packages="1"  files="1"  classes="1"  loc="NaN"  ncloc="NaN" />
		<package name="lib" >
			<metrics statements="92"  coveredstatements="91"  conditionals="36"  coveredconditionals="27"  methods="6"  coveredmethods="6" />
			<file name="index.js"  path="C:\bamboo\SRC\131073\CELLARISE-MDISTCSM-JOB1\lib\index.js" >
				<metrics statements="92"  coveredstatements="91"  conditionals="36"  coveredconditionals="27"  methods="6"  coveredmethods="6" />
				<line num="3"  count="1"  type="stmt" />
				<line num="4"  count="1"  type="stmt" />
				<line num="5"  count="1"  type="stmt" />
				<line num="8"  count="1"  type="stmt" />
				<line num="9"  count="15"  type="cond"  truecount="2"  falsecount="0" />
				<line num="11"  count="2"  type="stmt" />
				<line num="21"  count="2"  type="stmt" />
				<line num="22"  count="2"  type="stmt" />
				<line num="23"  count="2"  type="stmt" />
				<line num="24"  count="2"  type="stmt" />
				<line num="27"  count="15"  type="stmt" />
				<line num="32"  count="1"  type="stmt" />
				<line num="33"  count="1"  type="stmt" />
				<line num="34"  count="1"  type="stmt" />
				<line num="35"  count="24"  type="cond"  truecount="1"  falsecount="1" />
				<line num="36"  count="24"  type="stmt" />
				<line num="42"  count="24"  type="stmt" />
				<line num="46"  count="24"  type="stmt" />
				<line num="50"  count="24"  type="stmt" />
				<line num="52"  count="24"  type="stmt" />
				<line num="54"  count="24"  type="stmt" />
				<line num="57"  count="24"  type="cond"  truecount="4"  falsecount="0" />
				<line num="62"  count="11"  type="stmt" />
				<line num="65"  count="11"  type="stmt" />
				<line num="66"  count="11"  type="stmt" />
				<line num="81"  count="1"  type="stmt" />
				<line num="82"  count="1"  type="stmt" />
				<line num="83"  count="1"  type="stmt" />
				<line num="84"  count="2"  type="cond"  truecount="1"  falsecount="1" />
				<line num="85"  count="2"  type="stmt" />
				<line num="94"  count="2"  type="stmt" />
				<line num="98"  count="2"  type="stmt" />
				<line num="100"  count="2"  type="stmt" />
				<line num="102"  count="2"  type="stmt" />
				<line num="104"  count="2"  type="stmt" />
				<line num="107"  count="2"  type="cond"  truecount="2"  falsecount="0" />
				<line num="111"  count="1"  type="stmt" />
				<line num="114"  count="1"  type="stmt" />
				<line num="115"  count="1"  type="stmt" />
				<line num="121"  count="1"  type="stmt" />
				<line num="122"  count="2"  type="stmt" />
				<line num="124"  count="2"  type="stmt" />
				<line num="125"  count="2"  type="stmt" />
				<line num="127"  count="2"  type="stmt" />
				<line num="143"  count="1"  type="stmt" />
				<line num="144"  count="1"  type="stmt" />
				<line num="146"  count="1"  type="stmt" />
				<line num="147"  count="6"  type="cond"  truecount="1"  falsecount="1" />
				<line num="148"  count="6"  type="stmt" />
				<line num="155"  count="6"  type="stmt" />
				<line num="159"  count="6"  type="stmt" />
				<line num="160"  count="6"  type="stmt" />
				<line num="162"  count="6"  type="stmt" />
				<line num="164"  count="6"  type="stmt" />
				<line num="166"  count="6"  type="stmt" />
				<line num="169"  count="6"  type="cond"  truecount="4"  falsecount="0" />
				<line num="174"  count="3"  type="stmt" />
				<line num="177"  count="3"  type="stmt" />
				<line num="178"  count="3"  type="stmt" />
				<line num="197"  count="1"  type="stmt" />
				<line num="198"  count="1"  type="stmt" />
				<line num="209"  count="1"  type="stmt" />
				<line num="210"  count="1"  type="stmt" />
				<line num="213"  count="1"  type="stmt" />
				<line num="214"  count="1"  type="stmt" />
				<line num="215"  count="1"  type="stmt" />
				<line num="216"  count="1"  type="stmt" />
				<line num="217"  count="1"  type="stmt" />
				<line num="218"  count="1"  type="stmt" />
				<line num="223"  count="1"  type="stmt" />
				<line num="229"  count="1"  type="stmt" />
				<line num="234"  count="1"  type="stmt" />
				<line num="251"  count="1"  type="stmt" />
				<line num="252"  count="2"  type="cond"  truecount="2"  falsecount="2" />
				<line num="253"  count="2"  type="stmt" />
				<line num="255"  count="2"  type="cond"  truecount="1"  falsecount="1" />
				<line num="256"  count="2"  type="cond"  truecount="1"  falsecount="1" />
				<line num="257"  count="2"  type="cond"  truecount="2"  falsecount="0" />
				<line num="260"  count="2"  type="stmt" />
				<line num="269"  count="2"  type="stmt" />
				<line num="270"  count="3"  type="cond"  truecount="1"  falsecount="1" />
				<line num="271"  count="3"  type="stmt" />
				<line num="272"  count="3"  type="stmt" />
				<line num="275"  count="3"  type="cond"  truecount="1"  falsecount="1" />
				<line num="276"  count="0"  type="stmt" />
				<line num="278"  count="3"  type="stmt" />
				<line num="282"  count="3"  type="cond"  truecount="2"  falsecount="0" />
				<line num="283"  count="1"  type="stmt" />
				<line num="284"  count="1"  type="stmt" />
				<line num="290"  count="2"  type="cond"  truecount="2"  falsecount="0" />
				<line num="291"  count="1"  type="stmt" />
				<line num="293"  count="1"  type="stmt" />
			</file>
		</package>
	</project>
</coverage>
